Added Parameter Manufacturer= to Part XP?
Added Parameter Manufacturer= to Part XS?
Added Parameter Manufacturer= to Part XS?
Added Parameter Manufacturer= to Part XS?
Added Parameter ManufacturerPartNumber= to Part XP?
Added Parameter ManufacturerPartNumber= to Part XS?
Added Parameter ManufacturerPartNumber= to Part XS?
Added Parameter ManufacturerPartNumber= to Part XS?
Added Parameter Package= to Part XP?
Added Parameter Package= to Part XS?
Added Parameter Package= to Part XS?
Added Parameter Package= to Part XS?
Added Parameter Power/Voltage= to Part XP?
Added Parameter Power/Voltage= to Part XS?
Added Parameter Power/Voltage= to Part XS?
Added Parameter Power/Voltage= to Part XS?
Added Parameter Quantity= to Part XP?
Added Parameter Quantity= to Part XS?
Added Parameter Quantity= to Part XS?
Added Parameter Quantity= to Part XS?
Added Parameter Rem= to Part XP?
Added Parameter Rem= to Part XS?
Added Parameter Rem= to Part XS?
Added Parameter Rem= to Part XS?
Added Parameter TKE= to Part XP?
Added Parameter TKE= to Part XS?
Added Parameter TKE= to Part XS?
Added Parameter TKE= to Part XS?
Added Parameter Tolerance= to Part XP?
Added Parameter Tolerance= to Part XS?
Added Parameter Tolerance= to Part XS?
Added Parameter Tolerance= to Part XS?
Added Parameter Value= to Part XP?
Added Parameter Value= to Part XS?
Added Parameter Value= to Part XS?
Added Parameter Value= to Part XS?
Added Parameter Примечание= to Part XP?
Added Parameter Примечание= to Part XS?
Added Parameter Примечание= to Part XS?
Added Parameter Примечание= to Part XS?
