Added Parameter Manufacturer= to Part VT?
Added Parameter Manufacturer= to Part VT?
Added Parameter Manufacturer= to Part VT?
Added Parameter Manufacturer= to Part VT?
Added Parameter Manufacturer= to Part VT?
Added Parameter Manufacturer= to Part VT?
Added Parameter Manufacturer= to Part VT?
Added Parameter ManufacturerPartNumber= to Part VT?
Added Parameter ManufacturerPartNumber= to Part VT?
Added Parameter ManufacturerPartNumber= to Part VT?
Added Parameter ManufacturerPartNumber= to Part VT?
Added Parameter ManufacturerPartNumber= to Part VT?
Added Parameter ManufacturerPartNumber= to Part VT?
Added Parameter ManufacturerPartNumber= to Part VT?
Added Parameter Package= to Part VT?
Added Parameter Package= to Part VT?
Added Parameter Package= to Part VT?
Added Parameter Package= to Part VT?
Added Parameter Package= to Part VT?
Added Parameter Package= to Part VT?
Added Parameter Package= to Part VT?
Added Parameter PartNumber= to Part VT?
Added Parameter PartNumber= to Part VT?
Added Parameter PartNumber= to Part VT?
Added Parameter PartNumber= to Part VT?
Added Parameter PartNumber= to Part VT?
Added Parameter PartNumber= to Part VT?
Added Parameter PartNumber= to Part VT?
Added Parameter Power/Voltage= to Part VT?
Added Parameter Power/Voltage= to Part VT?
Added Parameter Power/Voltage= to Part VT?
Added Parameter Power/Voltage= to Part VT?
Added Parameter Power/Voltage= to Part VT?
Added Parameter Power/Voltage= to Part VT?
Added Parameter Power/Voltage= to Part VT?
Added Parameter Quantity= to Part VT?
Added Parameter Quantity= to Part VT?
Added Parameter Quantity= to Part VT?
Added Parameter Quantity= to Part VT?
Added Parameter Quantity= to Part VT?
Added Parameter Quantity= to Part VT?
Added Parameter Quantity= to Part VT?
Added Parameter Rem= to Part VT?
Added Parameter Rem= to Part VT?
Added Parameter Rem= to Part VT?
Added Parameter Rem= to Part VT?
Added Parameter Rem= to Part VT?
Added Parameter Rem= to Part VT?
Added Parameter Rem= to Part VT?
Added Parameter TKE= to Part VT?
Added Parameter TKE= to Part VT?
Added Parameter TKE= to Part VT?
Added Parameter TKE= to Part VT?
Added Parameter TKE= to Part VT?
Added Parameter TKE= to Part VT?
Added Parameter TKE= to Part VT?
Added Parameter Tolerance= to Part VT?
Added Parameter Tolerance= to Part VT?
Added Parameter Tolerance= to Part VT?
Added Parameter Tolerance= to Part VT?
Added Parameter Tolerance= to Part VT?
Added Parameter Tolerance= to Part VT?
Added Parameter Tolerance= to Part VT?
Added Parameter Value= to Part VT?
Added Parameter Value= to Part VT?
Added Parameter Value= to Part VT?
Added Parameter Value= to Part VT?
Added Parameter Value= to Part VT?
Added Parameter Value= to Part VT?
Added Parameter Value= to Part VT?
Added Parameter 砎鳻毿鳧鳺= to Part VT?
Added Parameter 砎鳻毿鳧鳺= to Part VT?
Added Parameter 砎鳻毿鳧鳺= to Part VT?
Added Parameter 砎鳻毿鳧鳺= to Part VT?
Added Parameter 砎鳻毿鳧鳺= to Part VT?
Added Parameter 砎鳻毿鳧鳺= to Part VT?
Added Parameter 砎鳻毿鳧鳺= to Part VT?
