Added Parameter Manufacturer= to Part HL?
Added Parameter Manufacturer= to Part HL?
Added Parameter ManufacturerPartNumber= to Part HL?
Added Parameter ManufacturerPartNumber= to Part HL?
Added Parameter Package= to Part HL?
Added Parameter Package= to Part HL?
Added Parameter Power/Voltage= to Part HL?
Added Parameter Power/Voltage= to Part HL?
Added Parameter Price= to Part HL?
Added Parameter Price= to Part HL?
Added Parameter Quantity= to Part HL?
Added Parameter Quantity= to Part HL?
Added Parameter Rem= to Part HL?
Added Parameter Rem= to Part HL?
Added Parameter TKE= to Part HL?
Added Parameter TKE= to Part HL?
Added Parameter Tolerance= to Part HL?
Added Parameter Tolerance= to Part HL?
Added Parameter URL= to Part HL?
Added Parameter URL= to Part HL?
Added Parameter Value= to Part HL?
Added Parameter Value= to Part HL?
Added Parameter ╧Ёшьхірэшх= to Part HL?
Added Parameter ╧Ёшьхірэшх= to Part HL?
