Added Parameter Manufacturer= to Part R?
Added Parameter Manufacturer= to Part T?
Added Parameter Manufacturer= to Part T?
Added Parameter ManufacturerPartNumber= to Part R?
Added Parameter ManufacturerPartNumber= to Part T?
Added Parameter ManufacturerPartNumber= to Part T?
Added Parameter Package= to Part R?
Added Parameter Package= to Part T?
Added Parameter Package= to Part T?
Added Parameter Power/Voltage= to Part R?
Added Parameter Power/Voltage= to Part T?
Added Parameter Power/Voltage= to Part T?
Added Parameter Price= to Part R?
Added Parameter Price= to Part T?
Added Parameter Price= to Part T?
Added Parameter Quantity= to Part R?
Added Parameter Quantity= to Part T?
Added Parameter Quantity= to Part T?
Added Parameter Rem= to Part R?
Added Parameter Rem= to Part T?
Added Parameter Rem= to Part T?
Added Parameter TKE= to Part R?
Added Parameter TKE= to Part T?
Added Parameter TKE= to Part T?
Added Parameter Tolerance= to Part R?
Added Parameter Tolerance= to Part T?
Added Parameter Tolerance= to Part T?
Added Parameter Value= to Part R?
Added Parameter Value= to Part T?
Added Parameter Value= to Part T?
Added Parameter ╧Ёшьхірэшх= to Part R?
Added Parameter ╧Ёшьхірэшх= to Part T?
Added Parameter ╧Ёшьхірэшх= to Part T?
