Added Parameter Manufacturer= to Part K?
Added Parameter Manufacturer= to Part K?
Added Parameter Manufacturer= to Part K?
Added Parameter ManufacturerPartNumber= to Part K?
Added Parameter ManufacturerPartNumber= to Part K?
Added Parameter ManufacturerPartNumber= to Part K?
Added Parameter Package= to Part K?
Added Parameter Package= to Part K?
Added Parameter Package= to Part K?
Added Parameter Power/Voltage= to Part K?
Added Parameter Power/Voltage= to Part K?
Added Parameter Power/Voltage= to Part K?
Added Parameter Price= to Part K?
Added Parameter Price= to Part K?
Added Parameter Price= to Part K?
Added Parameter Price= to Part K?
Added Parameter Quantity= to Part K?
Added Parameter Quantity= to Part K?
Added Parameter Quantity= to Part K?
Added Parameter Rem= to Part K?
Added Parameter Rem= to Part K?
Added Parameter Rem= to Part K?
Added Parameter TKE= to Part K?
Added Parameter TKE= to Part K?
Added Parameter TKE= to Part K?
Added Parameter Tolerance= to Part K?
Added Parameter Tolerance= to Part K?
Added Parameter Tolerance= to Part K?
Added Parameter Value= to Part K?
Added Parameter Value= to Part K?
Added Parameter Value= to Part K?
Added Parameter ╧Ёшьхірэшх= to Part K?
Added Parameter ╧Ёшьхірэшх= to Part K?
Added Parameter ╧Ёшьхірэшх= to Part K?
