Removed Parameter  орпус:* from Part XS?
Removed Parameter  орпус:* from Part XS?
Removed Parameter  орпус:* from Part XS?
Removed Parameter  орпус:* from Part XP?
Removed Parameter  орпус:* from Part XP?
Removed Parameter  орпус:* from Part XP?
Removed Parameter  орпус:* from Part XP?
Removed Parameter  орпус:* from Part XP?
Removed Parameter  орпус:* from Part XP?
Removed Parameter  орпус:* from Part C?
Added Parameter Manufacturer= to Part XS?
Added Parameter Manufacturer= to Part XS?
Added Parameter Manufacturer= to Part K?
Added Parameter Manufacturer= to Part XP?
Added Parameter Manufacturer= to Part XW?
Added Parameter Manufacturer= to Part XP?
Added Parameter Manufacturer= to Part XP?
Added Parameter Manufacturer= to Part XP?
Added Parameter Manufacturer= to Part XP?
Added Parameter Manufacturer= to Part XP?
Added Parameter Manufacturer= to Part XP?
Added Parameter Manufacturer= to Part X?
Added Parameter Manufacturer= to Part XP?
Added Parameter Manufacturer= to Part XS?
Added Parameter Manufacturer= to Part XP?
Added Parameter Manufacturer= to Part XP?
Added Parameter Manufacturer= to Part XP?
Added Parameter Manufacturer= to Part XP?
Added Parameter Manufacturer= to Part XP?
Added Parameter Manufacturer= to Part XP?
Added Parameter Manufacturer= to Part XP?
Added Parameter Manufacturer= to Part XP?
Added Parameter Manufacturer= to Part XP?
Added Parameter Manufacturer= to Part XP?
Added Parameter Manufacturer= to Part XP?
Added Parameter Manufacturer= to Part XS?
Added Parameter Manufacturer= to Part XS?
Added Parameter Manufacturer= to Part XS?
Added Parameter Manufacturer= to Part XS?
Added Parameter ManufacturerPartNumber= to Part XS?
Added Parameter ManufacturerPartNumber= to Part XS?
Added Parameter ManufacturerPartNumber= to Part K?
Added Parameter ManufacturerPartNumber= to Part XP?
Added Parameter ManufacturerPartNumber= to Part XW?
Added Parameter ManufacturerPartNumber= to Part XP?
Added Parameter ManufacturerPartNumber= to Part XP?
Added Parameter ManufacturerPartNumber= to Part XP?
Added Parameter ManufacturerPartNumber= to Part XP?
Added Parameter ManufacturerPartNumber= to Part XP?
Added Parameter ManufacturerPartNumber= to Part XP?
Added Parameter ManufacturerPartNumber= to Part X?
Added Parameter ManufacturerPartNumber= to Part XP?
Added Parameter ManufacturerPartNumber= to Part XS?
Added Parameter ManufacturerPartNumber= to Part XP?
Added Parameter ManufacturerPartNumber= to Part XP?
Added Parameter ManufacturerPartNumber= to Part XP?
Added Parameter ManufacturerPartNumber= to Part XP?
Added Parameter ManufacturerPartNumber= to Part XP?
Added Parameter ManufacturerPartNumber= to Part XP?
Added Parameter ManufacturerPartNumber= to Part XP?
Added Parameter ManufacturerPartNumber= to Part XP?
Added Parameter ManufacturerPartNumber= to Part XP?
Added Parameter ManufacturerPartNumber= to Part XP?
Added Parameter ManufacturerPartNumber= to Part XP?
Added Parameter ManufacturerPartNumber= to Part XS?
Added Parameter ManufacturerPartNumber= to Part XS?
Added Parameter ManufacturerPartNumber= to Part XS?
Added Parameter ManufacturerPartNumber= to Part XS?
Added Parameter Package= to Part XS?
Added Parameter Package= to Part XS?
Added Parameter Package= to Part K?
Added Parameter Package= to Part XP?
Added Parameter Package= to Part XW?
Added Parameter Package= to Part XP?
Added Parameter Package= to Part XP?
Added Parameter Package= to Part XP?
Added Parameter Package= to Part XP?
Added Parameter Package= to Part XP?
Added Parameter Package= to Part XP?
Added Parameter Package= to Part X?
Added Parameter Package= to Part XP?
Added Parameter Package= to Part XS?
Added Parameter Package= to Part XS?
Added Parameter Package= to Part XS?
Added Parameter Package= to Part XS?
Added Parameter Package= to Part XP?
Added Parameter Package= to Part XP?
Added Parameter Package= to Part XP?
Added Parameter Package= to Part XP?
Added Parameter Package= to Part XP?
Added Parameter Package= to Part XP?
Added Parameter Package= to Part XP?
Added Parameter Package= to Part XP?
Added Parameter Package= to Part XP?
Added Parameter Package= to Part XP?
Added Parameter Package= to Part XP?
Added Parameter Package= to Part XP?
Added Parameter Package= to Part XP?
Added Parameter Package= to Part XP?
Added Parameter Package= to Part XP?
Added Parameter Package= to Part XP?
Added Parameter Package= to Part XP?
Added Parameter Package= to Part XS?
Added Parameter Package= to Part XS?
Added Parameter Package= to Part XS?
Added Parameter Package= to Part XS?
Added Parameter Package= to Part C?
Added Parameter Power/Voltage= to Part XS?
Added Parameter Power/Voltage= to Part XS?
Added Parameter Power/Voltage= to Part K?
Added Parameter Power/Voltage= to Part XP?
Added Parameter Power/Voltage= to Part XW?
Added Parameter Power/Voltage= to Part XP?
Added Parameter Power/Voltage= to Part XP?
Added Parameter Power/Voltage= to Part XP?
Added Parameter Power/Voltage= to Part XP?
Added Parameter Power/Voltage= to Part XP?
Added Parameter Power/Voltage= to Part XP?
Added Parameter Power/Voltage= to Part X?
Added Parameter Power/Voltage= to Part XP?
Added Parameter Power/Voltage= to Part XS?
Added Parameter Power/Voltage= to Part XP?
Added Parameter Power/Voltage= to Part XP?
Added Parameter Power/Voltage= to Part XP?
Added Parameter Power/Voltage= to Part XP?
Added Parameter Power/Voltage= to Part XP?
Added Parameter Power/Voltage= to Part XP?
Added Parameter Power/Voltage= to Part XP?
Added Parameter Power/Voltage= to Part XP?
Added Parameter Power/Voltage= to Part XP?
Added Parameter Power/Voltage= to Part XP?
Added Parameter Power/Voltage= to Part XP?
Added Parameter Power/Voltage= to Part XS?
Added Parameter Power/Voltage= to Part XS?
Added Parameter Power/Voltage= to Part XS?
Added Parameter Power/Voltage= to Part XS?
Added Parameter Quantity= to Part XS?
Added Parameter Quantity= to Part XS?
Added Parameter Quantity= to Part K?
Added Parameter Quantity= to Part XP?
Added Parameter Quantity= to Part XW?
Added Parameter Quantity= to Part XP?
Added Parameter Quantity= to Part XP?
Added Parameter Quantity= to Part XP?
Added Parameter Quantity= to Part XP?
Added Parameter Quantity= to Part XP?
Added Parameter Quantity= to Part XP?
Added Parameter Quantity= to Part X?
Added Parameter Quantity= to Part XP?
Added Parameter Quantity= to Part XS?
Added Parameter Quantity= to Part XP?
Added Parameter Quantity= to Part XP?
Added Parameter Quantity= to Part XP?
Added Parameter Quantity= to Part XP?
Added Parameter Quantity= to Part XP?
Added Parameter Quantity= to Part XP?
Added Parameter Quantity= to Part XP?
Added Parameter Quantity= to Part XP?
Added Parameter Quantity= to Part XP?
Added Parameter Quantity= to Part XP?
Added Parameter Quantity= to Part XP?
Added Parameter Quantity= to Part XS?
Added Parameter Quantity= to Part XS?
Added Parameter Quantity= to Part XS?
Added Parameter Quantity= to Part XS?
Added Parameter Rem= to Part XS?
Added Parameter Rem= to Part XS?
Added Parameter Rem= to Part K?
Added Parameter Rem= to Part XP?
Added Parameter Rem= to Part XW?
Added Parameter Rem= to Part XP?
Added Parameter Rem= to Part XP?
Added Parameter Rem= to Part XP?
Added Parameter Rem= to Part XP?
Added Parameter Rem= to Part XP?
Added Parameter Rem= to Part XP?
Added Parameter Rem= to Part X?
Added Parameter Rem= to Part XP?
Added Parameter Rem= to Part XS?
Added Parameter Rem= to Part XP?
Added Parameter Rem= to Part XP?
Added Parameter Rem= to Part XP?
Added Parameter Rem= to Part XP?
Added Parameter Rem= to Part XP?
Added Parameter Rem= to Part XP?
Added Parameter Rem= to Part XP?
Added Parameter Rem= to Part XP?
Added Parameter Rem= to Part XP?
Added Parameter Rem= to Part XP?
Added Parameter Rem= to Part XP?
Added Parameter Rem= to Part XS?
Added Parameter Rem= to Part XS?
Added Parameter Rem= to Part XS?
Added Parameter Rem= to Part XS?
Added Parameter TKE= to Part XS?
Added Parameter TKE= to Part XS?
Added Parameter TKE= to Part K?
Added Parameter TKE= to Part XP?
Added Parameter TKE= to Part XW?
Added Parameter TKE= to Part XP?
Added Parameter TKE= to Part XP?
Added Parameter TKE= to Part XP?
Added Parameter TKE= to Part XP?
Added Parameter TKE= to Part XP?
Added Parameter TKE= to Part XP?
Added Parameter TKE= to Part X?
Added Parameter TKE= to Part XP?
Added Parameter TKE= to Part XS?
Added Parameter TKE= to Part XP?
Added Parameter TKE= to Part XP?
Added Parameter TKE= to Part XP?
Added Parameter TKE= to Part XP?
Added Parameter TKE= to Part XP?
Added Parameter TKE= to Part XP?
Added Parameter TKE= to Part XP?
Added Parameter TKE= to Part XP?
Added Parameter TKE= to Part XP?
Added Parameter TKE= to Part XP?
Added Parameter TKE= to Part XP?
Added Parameter TKE= to Part XS?
Added Parameter TKE= to Part XS?
Added Parameter TKE= to Part XS?
Added Parameter TKE= to Part XS?
Added Parameter Tolerance= to Part XS?
Added Parameter Tolerance= to Part XS?
Added Parameter Tolerance= to Part K?
Added Parameter Tolerance= to Part XP?
Added Parameter Tolerance= to Part XW?
Added Parameter Tolerance= to Part XP?
Added Parameter Tolerance= to Part XP?
Added Parameter Tolerance= to Part XP?
Added Parameter Tolerance= to Part XP?
Added Parameter Tolerance= to Part XP?
Added Parameter Tolerance= to Part XP?
Added Parameter Tolerance= to Part X?
Added Parameter Tolerance= to Part XP?
Added Parameter Tolerance= to Part XS?
Added Parameter Tolerance= to Part XP?
Added Parameter Tolerance= to Part XP?
Added Parameter Tolerance= to Part XP?
Added Parameter Tolerance= to Part XP?
Added Parameter Tolerance= to Part XP?
Added Parameter Tolerance= to Part XP?
Added Parameter Tolerance= to Part XP?
Added Parameter Tolerance= to Part XP?
Added Parameter Tolerance= to Part XP?
Added Parameter Tolerance= to Part XP?
Added Parameter Tolerance= to Part XP?
Added Parameter Tolerance= to Part XS?
Added Parameter Tolerance= to Part XS?
Added Parameter Tolerance= to Part XS?
Added Parameter Tolerance= to Part XS?
Added Parameter Value= to Part XS?
Added Parameter Value= to Part XS?
Added Parameter Value= to Part K?
Added Parameter Value= to Part XP?
Added Parameter Value= to Part XW?
Added Parameter Value= to Part XP?
Added Parameter Value= to Part XP?
Added Parameter Value= to Part XP?
Added Parameter Value= to Part XP?
Added Parameter Value= to Part XP?
Added Parameter Value= to Part XP?
Added Parameter Value= to Part X?
Added Parameter Value= to Part XP?
Added Parameter Value= to Part XS?
Added Parameter Value= to Part XP?
Added Parameter Value= to Part XP?
Added Parameter Value= to Part XP?
Added Parameter Value= to Part XP?
Added Parameter Value= to Part XP?
Added Parameter Value= to Part XP?
Added Parameter Value= to Part XP?
Added Parameter Value= to Part XP?
Added Parameter Value= to Part XP?
Added Parameter Value= to Part XP?
Added Parameter Value= to Part XP?
Added Parameter Value= to Part XS?
Added Parameter Value= to Part XS?
Added Parameter Value= to Part XS?
Added Parameter Value= to Part XS?
Added Parameter ѕримечание= to Part XS?
Added Parameter ѕримечание= to Part XS?
Added Parameter ѕримечание= to Part K?
Added Parameter ѕримечание= to Part XP?
Added Parameter ѕримечание= to Part XW?
Added Parameter ѕримечание= to Part XP?
Added Parameter ѕримечание= to Part XP?
Added Parameter ѕримечание= to Part XP?
Added Parameter ѕримечание= to Part XP?
Added Parameter ѕримечание= to Part XP?
Added Parameter ѕримечание= to Part XP?
Added Parameter ѕримечание= to Part X?
Added Parameter ѕримечание= to Part XP?
Added Parameter ѕримечание= to Part XS?
Added Parameter ѕримечание= to Part XP?
Added Parameter ѕримечание= to Part XP?
Added Parameter ѕримечание= to Part XP?
Added Parameter ѕримечание= to Part XP?
Added Parameter ѕримечание= to Part XP?
Added Parameter ѕримечание= to Part XP?
Added Parameter ѕримечание= to Part XP?
Added Parameter ѕримечание= to Part XP?
Added Parameter ѕримечание= to Part XP?
Added Parameter ѕримечание= to Part XP?
Added Parameter ѕримечание= to Part XP?
Added Parameter ѕримечание= to Part XS?
Added Parameter ѕримечание= to Part XS?
Added Parameter ѕримечание= to Part XS?
Added Parameter ѕримечание= to Part XS?
