Added Parameter Manufacturer= to Part VD?
Added Parameter Manufacturer= to Part VD?
Added Parameter Manufacturer= to Part VD?
Added Parameter Manufacturer= to Part VT?
Added Parameter Manufacturer= to Part VD?
Added Parameter Manufacturer= to Part HL?
Added Parameter Manufacturer= to Part VD?
Added Parameter Manufacturer= to Part VD?
Added Parameter Manufacturer= to Part HL?
Added Parameter Manufacturer= to Part VD?
Added Parameter Manufacturer= to Part HL?
Added Parameter Manufacturer= to Part VD?
Added Parameter Manufacturer= to Part HL?
Added Parameter ManufacturerPartNumber= to Part VD?
Added Parameter ManufacturerPartNumber= to Part VD?
Added Parameter ManufacturerPartNumber= to Part VD?
Added Parameter ManufacturerPartNumber= to Part VT?
Added Parameter ManufacturerPartNumber= to Part VD?
Added Parameter ManufacturerPartNumber= to Part HL?
Added Parameter ManufacturerPartNumber= to Part VD?
Added Parameter ManufacturerPartNumber= to Part VD?
Added Parameter ManufacturerPartNumber= to Part HL?
Added Parameter ManufacturerPartNumber= to Part VD?
Added Parameter ManufacturerPartNumber= to Part HL?
Added Parameter ManufacturerPartNumber= to Part VD?
Added Parameter ManufacturerPartNumber= to Part HL?
Added Parameter Package= to Part VD?
Added Parameter Package= to Part VD?
Added Parameter Package= to Part VD?
Added Parameter Package= to Part VT?
Added Parameter Package= to Part VD?
Added Parameter Package= to Part HL?
Added Parameter Package= to Part VD?
Added Parameter Package= to Part VD?
Added Parameter Package= to Part HL?
Added Parameter Package= to Part VD?
Added Parameter Package= to Part HL?
Added Parameter Package= to Part VD?
Added Parameter Package= to Part HL?
Added Parameter Power/Voltage= to Part VD?
Added Parameter Power/Voltage= to Part VD?
Added Parameter Power/Voltage= to Part VD?
Added Parameter Power/Voltage= to Part VT?
Added Parameter Power/Voltage= to Part VD?
Added Parameter Power/Voltage= to Part HL?
Added Parameter Power/Voltage= to Part VD?
Added Parameter Power/Voltage= to Part VD?
Added Parameter Power/Voltage= to Part HL?
Added Parameter Power/Voltage= to Part VD?
Added Parameter Power/Voltage= to Part HL?
Added Parameter Power/Voltage= to Part VD?
Added Parameter Power/Voltage= to Part HL?
Added Parameter Quantity= to Part VD?
Added Parameter Quantity= to Part VD?
Added Parameter Quantity= to Part VD?
Added Parameter Quantity= to Part VT?
Added Parameter Quantity= to Part VD?
Added Parameter Quantity= to Part HL?
Added Parameter Quantity= to Part VD?
Added Parameter Quantity= to Part VD?
Added Parameter Quantity= to Part HL?
Added Parameter Quantity= to Part VD?
Added Parameter Quantity= to Part HL?
Added Parameter Quantity= to Part VD?
Added Parameter Quantity= to Part HL?
Added Parameter Rem= to Part VD?
Added Parameter Rem= to Part VD?
Added Parameter Rem= to Part VD?
Added Parameter Rem= to Part VT?
Added Parameter Rem= to Part VD?
Added Parameter Rem= to Part HL?
Added Parameter Rem= to Part VD?
Added Parameter Rem= to Part VD?
Added Parameter Rem= to Part HL?
Added Parameter Rem= to Part VD?
Added Parameter Rem= to Part HL?
Added Parameter Rem= to Part VD?
Added Parameter Rem= to Part HL?
Added Parameter TKE= to Part VD?
Added Parameter TKE= to Part VD?
Added Parameter TKE= to Part VD?
Added Parameter TKE= to Part VT?
Added Parameter TKE= to Part VD?
Added Parameter TKE= to Part HL?
Added Parameter TKE= to Part VD?
Added Parameter TKE= to Part VD?
Added Parameter TKE= to Part HL?
Added Parameter TKE= to Part VD?
Added Parameter TKE= to Part HL?
Added Parameter TKE= to Part VD?
Added Parameter TKE= to Part HL?
Added Parameter Tolerance= to Part VD?
Added Parameter Tolerance= to Part VD?
Added Parameter Tolerance= to Part VD?
Added Parameter Tolerance= to Part VT?
Added Parameter Tolerance= to Part VD?
Added Parameter Tolerance= to Part HL?
Added Parameter Tolerance= to Part VD?
Added Parameter Tolerance= to Part VD?
Added Parameter Tolerance= to Part HL?
Added Parameter Tolerance= to Part VD?
Added Parameter Tolerance= to Part HL?
Added Parameter Tolerance= to Part VD?
Added Parameter Tolerance= to Part HL?
Added Parameter Value= to Part VD?
Added Parameter Value= to Part VD?
Added Parameter Value= to Part VD?
Added Parameter Value= to Part VT?
Added Parameter Value= to Part VD?
Added Parameter Value= to Part HL?
Added Parameter Value= to Part VD?
Added Parameter Value= to Part VD?
Added Parameter Value= to Part HL?
Added Parameter Value= to Part VD?
Added Parameter Value= to Part HL?
Added Parameter Value= to Part VD?
Added Parameter Value= to Part HL?
Added Parameter Ďđčěĺ÷ŕíčĺ= to Part VD?
Added Parameter Ďđčěĺ÷ŕíčĺ= to Part VD?
Added Parameter Ďđčěĺ÷ŕíčĺ= to Part VD?
Added Parameter Ďđčěĺ÷ŕíčĺ= to Part VT?
Added Parameter Ďđčěĺ÷ŕíčĺ= to Part VD?
Added Parameter Ďđčěĺ÷ŕíčĺ= to Part HL?
Added Parameter Ďđčěĺ÷ŕíčĺ= to Part VD?
Added Parameter Ďđčěĺ÷ŕíčĺ= to Part VD?
Added Parameter Ďđčěĺ÷ŕíčĺ= to Part HL?
Added Parameter Ďđčěĺ÷ŕíčĺ= to Part VD?
Added Parameter Ďđčěĺ÷ŕíčĺ= to Part HL?
Added Parameter Ďđčěĺ÷ŕíčĺ= to Part VD?
Added Parameter Ďđčěĺ÷ŕíčĺ= to Part HL?
