Removed Parameter  орпус: from Part L?
Removed Parameter  орпус: from Part L?
Removed Parameter  орпус:* from Part L?
Removed Parameter  орпус: from Part L?
Removed Parameter  орпус: from Part L?
Removed Parameter  орпус: from Part FB?
Removed Parameter  орпус: from Part L?
Removed Parameter  орпус: from Part L?
Removed Parameter  орпус: from Part L?
Removed Parameter  орпус: from Part *
Removed Parameter  орпус: from Part L?
Removed Parameter  орпус: from Part L?
Added Parameter Package= to Part L?
Added Parameter Package= to Part L?
Added Parameter Package= to Part L?
Added Parameter Package= to Part L?
Added Parameter Package= to Part L?
Added Parameter Package= to Part FB?
Added Parameter Package= to Part L?
Added Parameter Package= to Part L?
Added Parameter Package= to Part L?
Added Parameter Package= to Part *
Added Parameter Package= to Part L?
Added Parameter Package= to Part L?
