Added Parameter Manufacturer= to Part L?
Added Parameter Manufacturer= to Part L?
Added Parameter Manufacturer= to Part L?
Added Parameter Manufacturer= to Part FB?
Added Parameter Manufacturer= to Part L?
Added Parameter Manufacturer= to Part L?
Added Parameter Manufacturer= to Part L?
Added Parameter Manufacturer= to Part *
Added Parameter Manufacturer= to Part L?
Added Parameter Manufacturer= to Part L?
Added Parameter ManufacturerPartNumber= to Part L?
Added Parameter ManufacturerPartNumber= to Part L?
Added Parameter ManufacturerPartNumber= to Part L?
Added Parameter ManufacturerPartNumber= to Part FB?
Added Parameter ManufacturerPartNumber= to Part L?
Added Parameter ManufacturerPartNumber= to Part L?
Added Parameter ManufacturerPartNumber= to Part L?
Added Parameter ManufacturerPartNumber= to Part *
Added Parameter ManufacturerPartNumber= to Part L?
Added Parameter ManufacturerPartNumber= to Part L?
Added Parameter Power/Voltage= to Part L?
Added Parameter Power/Voltage= to Part L?
Added Parameter Power/Voltage= to Part L?
Added Parameter Power/Voltage= to Part FB?
Added Parameter Power/Voltage= to Part L?
Added Parameter Power/Voltage= to Part L?
Added Parameter Power/Voltage= to Part L?
Added Parameter Power/Voltage= to Part *
Added Parameter Power/Voltage= to Part L?
Added Parameter Power/Voltage= to Part L?
Added Parameter Quantity= to Part L?
Added Parameter Quantity= to Part L?
Added Parameter Quantity= to Part L?
Added Parameter Quantity= to Part FB?
Added Parameter Quantity= to Part L?
Added Parameter Quantity= to Part L?
Added Parameter Quantity= to Part L?
Added Parameter Quantity= to Part *
Added Parameter Quantity= to Part L?
Added Parameter Quantity= to Part L?
Added Parameter Rem= to Part L?
Added Parameter Rem= to Part L?
Added Parameter Rem= to Part L?
Added Parameter Rem= to Part FB?
Added Parameter Rem= to Part L?
Added Parameter Rem= to Part L?
Added Parameter Rem= to Part L?
Added Parameter Rem= to Part *
Added Parameter Rem= to Part L?
Added Parameter Rem= to Part L?
Added Parameter TKE= to Part L?
Added Parameter TKE= to Part L?
Added Parameter TKE= to Part L?
Added Parameter TKE= to Part FB?
Added Parameter TKE= to Part L?
Added Parameter TKE= to Part L?
Added Parameter TKE= to Part L?
Added Parameter TKE= to Part *
Added Parameter TKE= to Part L?
Added Parameter TKE= to Part L?
Added Parameter Tolerance= to Part L?
Added Parameter Tolerance= to Part L?
Added Parameter Tolerance= to Part L?
Added Parameter Tolerance= to Part FB?
Added Parameter Tolerance= to Part L?
Added Parameter Tolerance= to Part L?
Added Parameter Tolerance= to Part L?
Added Parameter Tolerance= to Part *
Added Parameter Tolerance= to Part L?
Added Parameter Tolerance= to Part L?
Added Parameter Value= to Part L?
Added Parameter Value= to Part L?
Added Parameter Value= to Part L?
Added Parameter Value= to Part FB?
Added Parameter Value= to Part L?
Added Parameter Value= to Part L?
Added Parameter Value= to Part L?
Added Parameter Value= to Part *
Added Parameter Value= to Part L?
Added Parameter Value= to Part L?
Added Parameter Корпус= to Part L?
Added Parameter Корпус= to Part L?
Added Parameter Корпус= to Part L?
Added Parameter Корпус= to Part FB?
Added Parameter Корпус= to Part L?
Added Parameter Корпус= to Part L?
Added Parameter Корпус= to Part L?
Added Parameter Корпус= to Part *
Added Parameter Корпус= to Part L?
Added Parameter Корпус= to Part L?
Added Parameter Примечание= to Part L?
Added Parameter Примечание= to Part L?
Added Parameter Примечание= to Part L?
Added Parameter Примечание= to Part FB?
Added Parameter Примечание= to Part L?
Added Parameter Примечание= to Part L?
Added Parameter Примечание= to Part L?
Added Parameter Примечание= to Part *
Added Parameter Примечание= to Part L?
Added Parameter Примечание= to Part L?
