Removed Parameter chipdip:35628 from Part C?
Removed Parameter 扻豵鵨:* from Part C?
Added Parameter Manufacturer= to Part C?
Added Parameter Manufacturer= to Part C?
Added Parameter Manufacturer= to Part C?
Added Parameter Manufacturer= to Part C?
Added Parameter Manufacturer= to Part C?
Added Parameter Manufacturer= to Part C?
Added Parameter Manufacturer= to Part C?
Added Parameter Manufacturer= to Part C?
Added Parameter Manufacturer= to Part C?
Added Parameter Manufacturer= to Part C?
Added Parameter Manufacturer= to Part C?
Added Parameter Manufacturer= to Part C?
Added Parameter Manufacturer= to Part C?
Added Parameter Manufacturer= to Part C?
Added Parameter Manufacturer= to Part C?
Added Parameter Manufacturer= to Part C?
Added Parameter ManufacturerPartNumber= to Part C?
Added Parameter ManufacturerPartNumber= to Part C?
Added Parameter ManufacturerPartNumber= to Part C?
Added Parameter ManufacturerPartNumber= to Part C?
Added Parameter ManufacturerPartNumber= to Part C?
Added Parameter ManufacturerPartNumber= to Part C?
Added Parameter ManufacturerPartNumber= to Part C?
Added Parameter ManufacturerPartNumber= to Part C?
Added Parameter ManufacturerPartNumber= to Part C?
Added Parameter ManufacturerPartNumber= to Part C?
Added Parameter ManufacturerPartNumber= to Part C?
Added Parameter ManufacturerPartNumber= to Part C?
Added Parameter ManufacturerPartNumber= to Part C?
Added Parameter ManufacturerPartNumber= to Part C?
Added Parameter ManufacturerPartNumber= to Part C?
Added Parameter ManufacturerPartNumber= to Part C?
Added Parameter Package= to Part C?
Added Parameter Package= to Part C?
Added Parameter Package= to Part C?
Added Parameter Package= to Part C?
Added Parameter Package= to Part C?
Added Parameter Package= to Part C?
Added Parameter Package= to Part C?
Added Parameter Package= to Part C?
Added Parameter Package= to Part C?
Added Parameter Package= to Part C?
Added Parameter Package= to Part C?
Added Parameter Package= to Part C?
Added Parameter Package= to Part C?
Added Parameter Package= to Part C?
Added Parameter Package= to Part C?
Added Parameter Package= to Part C?
Added Parameter PartNumber= to Part C?
Added Parameter PartNumber= to Part C?
Added Parameter PartNumber= to Part C?
Added Parameter PartNumber= to Part C?
Added Parameter PartNumber= to Part C?
Added Parameter PartNumber= to Part C?
Added Parameter PartNumber= to Part C?
Added Parameter PartNumber= to Part C?
Added Parameter PartNumber= to Part C?
Added Parameter PartNumber= to Part C?
Added Parameter PartNumber= to Part C?
Added Parameter PartNumber= to Part C?
Added Parameter PartNumber= to Part C?
Added Parameter PartNumber= to Part C?
Added Parameter PartNumber= to Part C?
Added Parameter PartNumber= to Part C?
Added Parameter PartNumber= to Part C?
Added Parameter PartNumber= to Part C?
Added Parameter PartNumber= to Part C?
Added Parameter PartNumber= to Part C?
Added Parameter Power/Voltage= to Part C?
Added Parameter Power/Voltage= to Part C?
Added Parameter Power/Voltage= to Part C?
Added Parameter Power/Voltage= to Part C?
Added Parameter Power/Voltage= to Part C?
Added Parameter Power/Voltage= to Part C?
Added Parameter Power/Voltage= to Part C?
Added Parameter Power/Voltage= to Part C?
Added Parameter Power/Voltage= to Part C?
Added Parameter Power/Voltage= to Part C?
Added Parameter Power/Voltage= to Part C?
Added Parameter Power/Voltage= to Part C?
Added Parameter Power/Voltage= to Part C?
Added Parameter Power/Voltage= to Part C?
Added Parameter Power/Voltage= to Part C?
Added Parameter Power/Voltage= to Part C?
Added Parameter Quantity= to Part C?
Added Parameter Quantity= to Part C?
Added Parameter Quantity= to Part C?
Added Parameter Quantity= to Part C?
Added Parameter Quantity= to Part C?
Added Parameter Quantity= to Part C?
Added Parameter Quantity= to Part C?
Added Parameter Quantity= to Part C?
Added Parameter Quantity= to Part C?
Added Parameter Quantity= to Part C?
Added Parameter Quantity= to Part C?
Added Parameter Quantity= to Part C?
Added Parameter Quantity= to Part C?
Added Parameter Quantity= to Part C?
Added Parameter Quantity= to Part C?
Added Parameter Quantity= to Part C?
Added Parameter Rem= to Part C?
Added Parameter Rem= to Part C?
Added Parameter Rem= to Part C?
Added Parameter Rem= to Part C?
Added Parameter Rem= to Part C?
Added Parameter Rem= to Part C?
Added Parameter Rem= to Part C?
Added Parameter Rem= to Part C?
Added Parameter Rem= to Part C?
Added Parameter Rem= to Part C?
Added Parameter Rem= to Part C?
Added Parameter Rem= to Part C?
Added Parameter Rem= to Part C?
Added Parameter Rem= to Part C?
Added Parameter Rem= to Part C?
Added Parameter Rem= to Part C?
Added Parameter TKE= to Part C?
Added Parameter TKE= to Part C?
Added Parameter TKE= to Part C?
Added Parameter TKE= to Part C?
Added Parameter TKE= to Part C?
Added Parameter TKE= to Part C?
Added Parameter TKE= to Part C?
Added Parameter TKE= to Part C?
Added Parameter TKE= to Part C?
Added Parameter TKE= to Part C?
Added Parameter TKE= to Part C?
Added Parameter TKE= to Part C?
Added Parameter TKE= to Part C?
Added Parameter TKE= to Part C?
Added Parameter TKE= to Part C?
Added Parameter TKE= to Part C?
Added Parameter Tolerance= to Part C?
Added Parameter Tolerance= to Part C?
Added Parameter Tolerance= to Part C?
Added Parameter Tolerance= to Part C?
Added Parameter Tolerance= to Part C?
Added Parameter Tolerance= to Part C?
Added Parameter Tolerance= to Part C?
Added Parameter Tolerance= to Part C?
Added Parameter Tolerance= to Part C?
Added Parameter Tolerance= to Part C?
Added Parameter Tolerance= to Part C?
Added Parameter Tolerance= to Part C?
Added Parameter Tolerance= to Part C?
Added Parameter Tolerance= to Part C?
Added Parameter Tolerance= to Part C?
Added Parameter Tolerance= to Part C?
Added Parameter Value= to Part C?
Added Parameter Value= to Part C?
Added Parameter Value= to Part C?
Added Parameter Value= to Part C?
Added Parameter Value= to Part C?
Added Parameter Value= to Part C?
Added Parameter Value= to Part C?
Added Parameter Value= to Part C?
Added Parameter Value= to Part C?
Added Parameter Value= to Part C?
Added Parameter Value= to Part C?
Added Parameter Value= to Part C?
Added Parameter Value= to Part C?
Added Parameter Value= to Part C?
Added Parameter Value= to Part C?
Added Parameter Value= to Part C?
Added Parameter 砎鳻毿鳧鳺= to Part C?
Added Parameter 砎鳻毿鳧鳺= to Part C?
Added Parameter 砎鳻毿鳧鳺= to Part C?
Added Parameter 砎鳻毿鳧鳺= to Part C?
Added Parameter 砎鳻毿鳧鳺= to Part C?
Added Parameter 砎鳻毿鳧鳺= to Part C?
Added Parameter 砎鳻毿鳧鳺= to Part C?
Added Parameter 砎鳻毿鳧鳺= to Part C?
Added Parameter 砎鳻毿鳧鳺= to Part C?
Added Parameter 砎鳻毿鳧鳺= to Part C?
Added Parameter 砎鳻毿鳧鳺= to Part C?
Added Parameter 砎鳻毿鳧鳺= to Part C?
Added Parameter 砎鳻毿鳧鳺= to Part C?
Added Parameter 砎鳻毿鳧鳺= to Part C?
Added Parameter 砎鳻毿鳧鳺= to Part C?
Added Parameter 砎鳻毿鳧鳺= to Part C?
