Added Parameter Manufacturer= to Part DD?
Added Parameter Manufacturer= to Part DD?
Added Parameter Manufacturer= to Part DD?
Added Parameter Manufacturer= to Part DD?
Added Parameter Manufacturer= to Part DD?
Added Parameter Manufacturer= to Part DA?
Added Parameter Manufacturer= to Part DA?
Added Parameter Manufacturer= to Part DA?
Added Parameter Manufacturer= to Part DA?
Added Parameter Manufacturer= to Part DA?
Added Parameter Manufacturer= to Part DA?
Added Parameter Manufacturer= to Part DA?
Added Parameter Manufacturer= to Part DA?
Added Parameter Manufacturer= to Part DA?
Added Parameter Manufacturer= to Part DC?
Added Parameter Manufacturer= to Part DD?
Added Parameter Manufacturer= to Part *
Added Parameter Manufacturer= to Part DA?
Added Parameter Manufacturer= to Part DD?
Added Parameter Manufacturer= to Part DD?
Added Parameter Manufacturer= to Part DA?
Added Parameter Manufacturer= to Part DD?
Added Parameter Manufacturer= to Part DD?
Added Parameter Manufacturer= to Part DA?
Added Parameter Manufacturer= to Part DD?
Added Parameter Manufacturer= to Part DA?
Added Parameter Manufacturer= to Part G?
Added Parameter Manufacturer= to Part *?
Added Parameter Manufacturer= to Part DC?
Added Parameter Manufacturer= to Part *
Added Parameter Manufacturer= to Part DA?
Added Parameter Manufacturer= to Part DA?
Added Parameter Manufacturer= to Part DA?
Added Parameter Manufacturer= to Part DA?
Added Parameter Manufacturer= to Part DD?
Added Parameter Manufacturer= to Part DA?
Added Parameter Manufacturer= to Part DA?
Added Parameter Manufacturer= to Part DA?
Added Parameter Manufacturer= to Part DD?
Added Parameter Manufacturer= to Part DA?
Added Parameter Manufacturer= to Part DD?
Added Parameter Manufacturer= to Part DA?
Added Parameter Manufacturer= to Part DD?
Added Parameter Manufacturer= to Part DD?
Added Parameter Manufacturer= to Part DA?
Added Parameter Manufacturer= to Part DD?
Added Parameter Manufacturer= to Part DC?
Added Parameter Manufacturer= to Part DD?
Added Parameter Manufacturer= to Part DA?
Added Parameter Manufacturer= to Part DD?
Added Parameter Manufacturer= to Part DD?
Added Parameter ManufacturerPartNumber= to Part DD?
Added Parameter ManufacturerPartNumber= to Part DD?
Added Parameter ManufacturerPartNumber= to Part DD?
Added Parameter ManufacturerPartNumber= to Part DD?
Added Parameter ManufacturerPartNumber= to Part DD?
Added Parameter ManufacturerPartNumber= to Part DA?
Added Parameter ManufacturerPartNumber= to Part DA?
Added Parameter ManufacturerPartNumber= to Part DA?
Added Parameter ManufacturerPartNumber= to Part DA?
Added Parameter ManufacturerPartNumber= to Part DA?
Added Parameter ManufacturerPartNumber= to Part DA?
Added Parameter ManufacturerPartNumber= to Part DA?
Added Parameter ManufacturerPartNumber= to Part DA?
Added Parameter ManufacturerPartNumber= to Part DA?
Added Parameter ManufacturerPartNumber= to Part DC?
Added Parameter ManufacturerPartNumber= to Part DD?
Added Parameter ManufacturerPartNumber= to Part *
Added Parameter ManufacturerPartNumber= to Part DA?
Added Parameter ManufacturerPartNumber= to Part DD?
Added Parameter ManufacturerPartNumber= to Part DD?
Added Parameter ManufacturerPartNumber= to Part DA?
Added Parameter ManufacturerPartNumber= to Part DD?
Added Parameter ManufacturerPartNumber= to Part DD?
Added Parameter ManufacturerPartNumber= to Part DA?
Added Parameter ManufacturerPartNumber= to Part DD?
Added Parameter ManufacturerPartNumber= to Part DA?
Added Parameter ManufacturerPartNumber= to Part G?
Added Parameter ManufacturerPartNumber= to Part *?
Added Parameter ManufacturerPartNumber= to Part DC?
Added Parameter ManufacturerPartNumber= to Part *
Added Parameter ManufacturerPartNumber= to Part DA?
Added Parameter ManufacturerPartNumber= to Part DA?
Added Parameter ManufacturerPartNumber= to Part DA?
Added Parameter ManufacturerPartNumber= to Part DA?
Added Parameter ManufacturerPartNumber= to Part DD?
Added Parameter ManufacturerPartNumber= to Part DA?
Added Parameter ManufacturerPartNumber= to Part DA?
Added Parameter ManufacturerPartNumber= to Part DA?
Added Parameter ManufacturerPartNumber= to Part DD?
Added Parameter ManufacturerPartNumber= to Part DA?
Added Parameter ManufacturerPartNumber= to Part DD?
Added Parameter ManufacturerPartNumber= to Part DA?
Added Parameter ManufacturerPartNumber= to Part DD?
Added Parameter ManufacturerPartNumber= to Part DD?
Added Parameter ManufacturerPartNumber= to Part DA?
Added Parameter ManufacturerPartNumber= to Part DD?
Added Parameter ManufacturerPartNumber= to Part DC?
Added Parameter ManufacturerPartNumber= to Part DD?
Added Parameter ManufacturerPartNumber= to Part DA?
Added Parameter ManufacturerPartNumber= to Part DD?
Added Parameter ManufacturerPartNumber= to Part DD?
Added Parameter Package= to Part DD?
Added Parameter Package= to Part DD?
Added Parameter Package= to Part DD?
Added Parameter Package= to Part DD?
Added Parameter Package= to Part DD?
Added Parameter Package= to Part DA?
Added Parameter Package= to Part DA?
Added Parameter Package= to Part DA?
Added Parameter Package= to Part DA?
Added Parameter Package= to Part DA?
Added Parameter Package= to Part DA?
Added Parameter Package= to Part DA?
Added Parameter Package= to Part DA?
Added Parameter Package= to Part DA?
Added Parameter Package= to Part DC?
Added Parameter Package= to Part DD?
Added Parameter Package= to Part *
Added Parameter Package= to Part DA?
Added Parameter Package= to Part DD?
Added Parameter Package= to Part DD?
Added Parameter Package= to Part DA?
Added Parameter Package= to Part DD?
Added Parameter Package= to Part DD?
Added Parameter Package= to Part DA?
Added Parameter Package= to Part DD?
Added Parameter Package= to Part DA?
Added Parameter Package= to Part G?
Added Parameter Package= to Part *?
Added Parameter Package= to Part DC?
Added Parameter Package= to Part *
Added Parameter Package= to Part DA?
Added Parameter Package= to Part DA?
Added Parameter Package= to Part DA?
Added Parameter Package= to Part DA?
Added Parameter Package= to Part DD?
Added Parameter Package= to Part DA?
Added Parameter Package= to Part DA?
Added Parameter Package= to Part DA?
Added Parameter Package= to Part DD?
Added Parameter Package= to Part DA?
Added Parameter Package= to Part DD?
Added Parameter Package= to Part DA?
Added Parameter Package= to Part DD?
Added Parameter Package= to Part DD?
Added Parameter Package= to Part DA?
Added Parameter Package= to Part DD?
Added Parameter Package= to Part DC?
Added Parameter Package= to Part DD?
Added Parameter Package= to Part DA?
Added Parameter Package= to Part DD?
Added Parameter Package= to Part DD?
Added Parameter Power/Voltage= to Part DD?
Added Parameter Power/Voltage= to Part DD?
Added Parameter Power/Voltage= to Part DD?
Added Parameter Power/Voltage= to Part DD?
Added Parameter Power/Voltage= to Part DD?
Added Parameter Power/Voltage= to Part DA?
Added Parameter Power/Voltage= to Part DA?
Added Parameter Power/Voltage= to Part DA?
Added Parameter Power/Voltage= to Part DA?
Added Parameter Power/Voltage= to Part DA?
Added Parameter Power/Voltage= to Part DA?
Added Parameter Power/Voltage= to Part DA?
Added Parameter Power/Voltage= to Part DA?
Added Parameter Power/Voltage= to Part DA?
Added Parameter Power/Voltage= to Part DC?
Added Parameter Power/Voltage= to Part DD?
Added Parameter Power/Voltage= to Part *
Added Parameter Power/Voltage= to Part DA?
Added Parameter Power/Voltage= to Part DD?
Added Parameter Power/Voltage= to Part DD?
Added Parameter Power/Voltage= to Part DA?
Added Parameter Power/Voltage= to Part DD?
Added Parameter Power/Voltage= to Part DD?
Added Parameter Power/Voltage= to Part DA?
Added Parameter Power/Voltage= to Part DD?
Added Parameter Power/Voltage= to Part DA?
Added Parameter Power/Voltage= to Part G?
Added Parameter Power/Voltage= to Part *?
Added Parameter Power/Voltage= to Part DC?
Added Parameter Power/Voltage= to Part *
Added Parameter Power/Voltage= to Part DA?
Added Parameter Power/Voltage= to Part DA?
Added Parameter Power/Voltage= to Part DA?
Added Parameter Power/Voltage= to Part DA?
Added Parameter Power/Voltage= to Part DD?
Added Parameter Power/Voltage= to Part DA?
Added Parameter Power/Voltage= to Part DA?
Added Parameter Power/Voltage= to Part DA?
Added Parameter Power/Voltage= to Part DD?
Added Parameter Power/Voltage= to Part DA?
Added Parameter Power/Voltage= to Part DD?
Added Parameter Power/Voltage= to Part DA?
Added Parameter Power/Voltage= to Part DD?
Added Parameter Power/Voltage= to Part DD?
Added Parameter Power/Voltage= to Part DA?
Added Parameter Power/Voltage= to Part DD?
Added Parameter Power/Voltage= to Part DC?
Added Parameter Power/Voltage= to Part DD?
Added Parameter Power/Voltage= to Part DA?
Added Parameter Power/Voltage= to Part DD?
Added Parameter Power/Voltage= to Part DD?
Added Parameter Quantity= to Part DD?
Added Parameter Quantity= to Part DD?
Added Parameter Quantity= to Part DD?
Added Parameter Quantity= to Part DD?
Added Parameter Quantity= to Part DD?
Added Parameter Quantity= to Part DA?
Added Parameter Quantity= to Part DA?
Added Parameter Quantity= to Part DA?
Added Parameter Quantity= to Part DA?
Added Parameter Quantity= to Part DA?
Added Parameter Quantity= to Part DA?
Added Parameter Quantity= to Part DA?
Added Parameter Quantity= to Part DA?
Added Parameter Quantity= to Part DA?
Added Parameter Quantity= to Part DC?
Added Parameter Quantity= to Part DD?
Added Parameter Quantity= to Part *
Added Parameter Quantity= to Part DA?
Added Parameter Quantity= to Part DD?
Added Parameter Quantity= to Part DD?
Added Parameter Quantity= to Part DA?
Added Parameter Quantity= to Part DD?
Added Parameter Quantity= to Part DD?
Added Parameter Quantity= to Part DA?
Added Parameter Quantity= to Part DD?
Added Parameter Quantity= to Part DA?
Added Parameter Quantity= to Part G?
Added Parameter Quantity= to Part *?
Added Parameter Quantity= to Part DC?
Added Parameter Quantity= to Part *
Added Parameter Quantity= to Part DA?
Added Parameter Quantity= to Part DA?
Added Parameter Quantity= to Part DA?
Added Parameter Quantity= to Part DA?
Added Parameter Quantity= to Part DD?
Added Parameter Quantity= to Part DA?
Added Parameter Quantity= to Part DA?
Added Parameter Quantity= to Part DA?
Added Parameter Quantity= to Part DD?
Added Parameter Quantity= to Part DA?
Added Parameter Quantity= to Part DD?
Added Parameter Quantity= to Part DA?
Added Parameter Quantity= to Part DD?
Added Parameter Quantity= to Part DD?
Added Parameter Quantity= to Part DA?
Added Parameter Quantity= to Part DD?
Added Parameter Quantity= to Part DC?
Added Parameter Quantity= to Part DD?
Added Parameter Quantity= to Part DA?
Added Parameter Quantity= to Part DD?
Added Parameter Quantity= to Part DD?
Added Parameter Rem= to Part DD?
Added Parameter Rem= to Part DD?
Added Parameter Rem= to Part DD?
Added Parameter Rem= to Part DD?
Added Parameter Rem= to Part DD?
Added Parameter Rem= to Part DA?
Added Parameter Rem= to Part DA?
Added Parameter Rem= to Part DA?
Added Parameter Rem= to Part DA?
Added Parameter Rem= to Part DA?
Added Parameter Rem= to Part DA?
Added Parameter Rem= to Part DA?
Added Parameter Rem= to Part DA?
Added Parameter Rem= to Part DA?
Added Parameter Rem= to Part DC?
Added Parameter Rem= to Part DD?
Added Parameter Rem= to Part *
Added Parameter Rem= to Part DA?
Added Parameter Rem= to Part DD?
Added Parameter Rem= to Part DD?
Added Parameter Rem= to Part DA?
Added Parameter Rem= to Part DD?
Added Parameter Rem= to Part DD?
Added Parameter Rem= to Part DA?
Added Parameter Rem= to Part DD?
Added Parameter Rem= to Part DA?
Added Parameter Rem= to Part G?
Added Parameter Rem= to Part *?
Added Parameter Rem= to Part DC?
Added Parameter Rem= to Part *
Added Parameter Rem= to Part DA?
Added Parameter Rem= to Part DA?
Added Parameter Rem= to Part DA?
Added Parameter Rem= to Part DA?
Added Parameter Rem= to Part DD?
Added Parameter Rem= to Part DA?
Added Parameter Rem= to Part DA?
Added Parameter Rem= to Part DA?
Added Parameter Rem= to Part DD?
Added Parameter Rem= to Part DA?
Added Parameter Rem= to Part DD?
Added Parameter Rem= to Part DA?
Added Parameter Rem= to Part DD?
Added Parameter Rem= to Part DD?
Added Parameter Rem= to Part DA?
Added Parameter Rem= to Part DD?
Added Parameter Rem= to Part DC?
Added Parameter Rem= to Part DD?
Added Parameter Rem= to Part DA?
Added Parameter Rem= to Part DD?
Added Parameter Rem= to Part DD?
Added Parameter TKE= to Part DD?
Added Parameter TKE= to Part DD?
Added Parameter TKE= to Part DD?
Added Parameter TKE= to Part DD?
Added Parameter TKE= to Part DD?
Added Parameter TKE= to Part DA?
Added Parameter TKE= to Part DA?
Added Parameter TKE= to Part DA?
Added Parameter TKE= to Part DA?
Added Parameter TKE= to Part DA?
Added Parameter TKE= to Part DA?
Added Parameter TKE= to Part DA?
Added Parameter TKE= to Part DA?
Added Parameter TKE= to Part DA?
Added Parameter TKE= to Part DC?
Added Parameter TKE= to Part DD?
Added Parameter TKE= to Part *
Added Parameter TKE= to Part DA?
Added Parameter TKE= to Part DD?
Added Parameter TKE= to Part DD?
Added Parameter TKE= to Part DA?
Added Parameter TKE= to Part DD?
Added Parameter TKE= to Part DD?
Added Parameter TKE= to Part DA?
Added Parameter TKE= to Part DD?
Added Parameter TKE= to Part DA?
Added Parameter TKE= to Part G?
Added Parameter TKE= to Part *?
Added Parameter TKE= to Part DC?
Added Parameter TKE= to Part *
Added Parameter TKE= to Part DA?
Added Parameter TKE= to Part DA?
Added Parameter TKE= to Part DA?
Added Parameter TKE= to Part DA?
Added Parameter TKE= to Part DD?
Added Parameter TKE= to Part DA?
Added Parameter TKE= to Part DA?
Added Parameter TKE= to Part DA?
Added Parameter TKE= to Part DD?
Added Parameter TKE= to Part DA?
Added Parameter TKE= to Part DD?
Added Parameter TKE= to Part DA?
Added Parameter TKE= to Part DD?
Added Parameter TKE= to Part DD?
Added Parameter TKE= to Part DA?
Added Parameter TKE= to Part DD?
Added Parameter TKE= to Part DC?
Added Parameter TKE= to Part DD?
Added Parameter TKE= to Part DA?
Added Parameter TKE= to Part DD?
Added Parameter TKE= to Part DD?
Added Parameter Tolerance= to Part DD?
Added Parameter Tolerance= to Part DD?
Added Parameter Tolerance= to Part DD?
Added Parameter Tolerance= to Part DD?
Added Parameter Tolerance= to Part DD?
Added Parameter Tolerance= to Part DA?
Added Parameter Tolerance= to Part DA?
Added Parameter Tolerance= to Part DA?
Added Parameter Tolerance= to Part DA?
Added Parameter Tolerance= to Part DA?
Added Parameter Tolerance= to Part DA?
Added Parameter Tolerance= to Part DA?
Added Parameter Tolerance= to Part DA?
Added Parameter Tolerance= to Part DA?
Added Parameter Tolerance= to Part DC?
Added Parameter Tolerance= to Part DD?
Added Parameter Tolerance= to Part *
Added Parameter Tolerance= to Part DA?
Added Parameter Tolerance= to Part DD?
Added Parameter Tolerance= to Part DD?
Added Parameter Tolerance= to Part DA?
Added Parameter Tolerance= to Part DD?
Added Parameter Tolerance= to Part DD?
Added Parameter Tolerance= to Part DA?
Added Parameter Tolerance= to Part DD?
Added Parameter Tolerance= to Part DA?
Added Parameter Tolerance= to Part G?
Added Parameter Tolerance= to Part *?
Added Parameter Tolerance= to Part DC?
Added Parameter Tolerance= to Part *
Added Parameter Tolerance= to Part DA?
Added Parameter Tolerance= to Part DA?
Added Parameter Tolerance= to Part DA?
Added Parameter Tolerance= to Part DA?
Added Parameter Tolerance= to Part DD?
Added Parameter Tolerance= to Part DA?
Added Parameter Tolerance= to Part DA?
Added Parameter Tolerance= to Part DA?
Added Parameter Tolerance= to Part DD?
Added Parameter Tolerance= to Part DA?
Added Parameter Tolerance= to Part DD?
Added Parameter Tolerance= to Part DA?
Added Parameter Tolerance= to Part DD?
Added Parameter Tolerance= to Part DD?
Added Parameter Tolerance= to Part DA?
Added Parameter Tolerance= to Part DD?
Added Parameter Tolerance= to Part DC?
Added Parameter Tolerance= to Part DD?
Added Parameter Tolerance= to Part DA?
Added Parameter Tolerance= to Part DD?
Added Parameter Tolerance= to Part DD?
Added Parameter Value= to Part DD?
Added Parameter Value= to Part DD?
Added Parameter Value= to Part DD?
Added Parameter Value= to Part DD?
Added Parameter Value= to Part DD?
Added Parameter Value= to Part DA?
Added Parameter Value= to Part DA?
Added Parameter Value= to Part DA?
Added Parameter Value= to Part DA?
Added Parameter Value= to Part DA?
Added Parameter Value= to Part DA?
Added Parameter Value= to Part DA?
Added Parameter Value= to Part DA?
Added Parameter Value= to Part DA?
Added Parameter Value= to Part DC?
Added Parameter Value= to Part DD?
Added Parameter Value= to Part *
Added Parameter Value= to Part DA?
Added Parameter Value= to Part DD?
Added Parameter Value= to Part DD?
Added Parameter Value= to Part DA?
Added Parameter Value= to Part DD?
Added Parameter Value= to Part DD?
Added Parameter Value= to Part DA?
Added Parameter Value= to Part DD?
Added Parameter Value= to Part DA?
Added Parameter Value= to Part G?
Added Parameter Value= to Part *?
Added Parameter Value= to Part DC?
Added Parameter Value= to Part *
Added Parameter Value= to Part DA?
Added Parameter Value= to Part DA?
Added Parameter Value= to Part DA?
Added Parameter Value= to Part DA?
Added Parameter Value= to Part DD?
Added Parameter Value= to Part DA?
Added Parameter Value= to Part DA?
Added Parameter Value= to Part DD?
Added Parameter Value= to Part DA?
Added Parameter Value= to Part DD?
Added Parameter Value= to Part DA?
Added Parameter Value= to Part DD?
Added Parameter Value= to Part DD?
Added Parameter Value= to Part DA?
Added Parameter Value= to Part DD?
Added Parameter Value= to Part DC?
Added Parameter Value= to Part DD?
Added Parameter Value= to Part DA?
Added Parameter Value= to Part DD?
Added Parameter Value= to Part DD?
Added Parameter 砎鳻毿鳧鳺= to Part DD?
Added Parameter 砎鳻毿鳧鳺= to Part DD?
Added Parameter 砎鳻毿鳧鳺= to Part DD?
Added Parameter 砎鳻毿鳧鳺= to Part DD?
Added Parameter 砎鳻毿鳧鳺= to Part DD?
Added Parameter 砎鳻毿鳧鳺= to Part DA?
Added Parameter 砎鳻毿鳧鳺= to Part DA?
Added Parameter 砎鳻毿鳧鳺= to Part DA?
Added Parameter 砎鳻毿鳧鳺= to Part DA?
Added Parameter 砎鳻毿鳧鳺= to Part DA?
Added Parameter 砎鳻毿鳧鳺= to Part DA?
Added Parameter 砎鳻毿鳧鳺= to Part DA?
Added Parameter 砎鳻毿鳧鳺= to Part DA?
Added Parameter 砎鳻毿鳧鳺= to Part DA?
Added Parameter 砎鳻毿鳧鳺= to Part DC?
Added Parameter 砎鳻毿鳧鳺= to Part DD?
Added Parameter 砎鳻毿鳧鳺= to Part *
Added Parameter 砎鳻毿鳧鳺= to Part DA?
Added Parameter 砎鳻毿鳧鳺= to Part DD?
Added Parameter 砎鳻毿鳧鳺= to Part DD?
Added Parameter 砎鳻毿鳧鳺= to Part DA?
Added Parameter 砎鳻毿鳧鳺= to Part DD?
Added Parameter 砎鳻毿鳧鳺= to Part DD?
Added Parameter 砎鳻毿鳧鳺= to Part DA?
Added Parameter 砎鳻毿鳧鳺= to Part DD?
Added Parameter 砎鳻毿鳧鳺= to Part DA?
Added Parameter 砎鳻毿鳧鳺= to Part G?
Added Parameter 砎鳻毿鳧鳺= to Part *?
Added Parameter 砎鳻毿鳧鳺= to Part DC?
Added Parameter 砎鳻毿鳧鳺= to Part *
Added Parameter 砎鳻毿鳧鳺= to Part DA?
Added Parameter 砎鳻毿鳧鳺= to Part DA?
Added Parameter 砎鳻毿鳧鳺= to Part DA?
Added Parameter 砎鳻毿鳧鳺= to Part DA?
Added Parameter 砎鳻毿鳧鳺= to Part DD?
Added Parameter 砎鳻毿鳧鳺= to Part DA?
Added Parameter 砎鳻毿鳧鳺= to Part DA?
Added Parameter 砎鳻毿鳧鳺= to Part DA?
Added Parameter 砎鳻毿鳧鳺= to Part DD?
Added Parameter 砎鳻毿鳧鳺= to Part DA?
Added Parameter 砎鳻毿鳧鳺= to Part DD?
Added Parameter 砎鳻毿鳧鳺= to Part DA?
Added Parameter 砎鳻毿鳧鳺= to Part DD?
Added Parameter 砎鳻毿鳧鳺= to Part DD?
Added Parameter 砎鳻毿鳧鳺= to Part DA?
Added Parameter 砎鳻毿鳧鳺= to Part DD?
Added Parameter 砎鳻毿鳧鳺= to Part DC?
Added Parameter 砎鳻毿鳧鳺= to Part DD?
Added Parameter 砎鳻毿鳧鳺= to Part DA?
Added Parameter 砎鳻毿鳧鳺= to Part DD?
Added Parameter 砎鳻毿鳧鳺= to Part DD?
